This is pdfTeX, Version 3.14159265-2.6-1.40.17 (MiKTeX 2.9.6210 64-bit) (preloaded format=pdflatex 2017.4.19)  27 APR 2017 02:57
entering extended mode
**./hw4.tex
(hw4.tex
LaTeX2e <2017/01/01> patch level 1
Babel <3.9r> and hyphenation patterns for 75 language(s) loaded.
("C:\Program Files\MiKTeX 2.9\tex\latex\base\article.cls"
Document Class: article 2014/09/29 v1.4h Standard LaTeX document class
("C:\Program Files\MiKTeX 2.9\tex\latex\base\size10.clo"
File: size10.clo 2014/09/29 v1.4h Standard LaTeX file (size option)
)
\c@part=\count79
\c@section=\count80
\c@subsection=\count81
\c@subsubsection=\count82
\c@paragraph=\count83
\c@subparagraph=\count84
\c@figure=\count85
\c@table=\count86
\abovecaptionskip=\skip41
\belowcaptionskip=\skip42
\bibindent=\dimen102
)
("C:\Program Files\MiKTeX 2.9\tex\latex\graphics\graphicx.sty"
Package: graphicx 2014/10/28 v1.0g Enhanced LaTeX Graphics (DPC,SPQR)

("C:\Program Files\MiKTeX 2.9\tex\latex\graphics\keyval.sty"
Package: keyval 2014/10/28 v1.15 key=value parser (DPC)
\KV@toks@=\toks14
)
("C:\Program Files\MiKTeX 2.9\tex\latex\graphics\graphics.sty"
Package: graphics 2016/10/09 v1.0u Standard LaTeX Graphics (DPC,SPQR)

("C:\Program Files\MiKTeX 2.9\tex\latex\graphics\trig.sty"
Package: trig 2016/01/03 v1.10 sin cos tan (DPC)
)
("C:\Program Files\MiKTeX 2.9\tex\latex\graphics-cfg\graphics.cfg"
File: graphics.cfg 2016/06/04 v1.11 sample graphics configuration
)
Package graphics Info: Driver file: pdftex.def on input line 99.

("C:\Program Files\MiKTeX 2.9\tex\latex\graphics-def\pdftex.def"
File: pdftex.def 2017/01/12 v0.06k Graphics/color for pdfTeX

("C:\Program Files\MiKTeX 2.9\tex\generic\oberdiek\infwarerr.sty"
Package: infwarerr 2016/05/16 v1.4 Providing info/warning/error messages (HO)
)
("C:\Program Files\MiKTeX 2.9\tex\generic\oberdiek\ltxcmds.sty"
Package: ltxcmds 2016/05/16 v1.23 LaTeX kernel commands for general use (HO)
)
\Gread@gobject=\count87
))
\Gin@req@height=\dimen103
\Gin@req@width=\dimen104
)
("C:\Program Files\MiKTeX 2.9\tex\latex\float\float.sty"
Package: float 2001/11/08 v1.3d Float enhancements (AL)
\c@float@type=\count88
\float@exts=\toks15
\float@box=\box26
\@float@everytoks=\toks16
\@floatcapt=\box27
)
(C:\Users\jjhf39\AppData\Roaming\MiKTeX\2.9\tex\latex\placeins\placeins.sty
Package: placeins 2005/04/18  v 2.2
)
(C:\Users\jjhf39\AppData\Roaming\MiKTeX\2.9\tex\latex\hyphenat\hyphenat.sty
Package: hyphenat 2009/09/02 v2.3c hyphenation utilities
\langwohyphens=\language75
LaTeX Info: Redefining \_ on input line 43.
)
("C:\Program Files\MiKTeX 2.9\tex\latex\amsmath\amsmath.sty"
Package: amsmath 2016/11/05 v2.16a AMS math features
\@mathmargin=\skip43

For additional information on amsmath, use the `?' option.
("C:\Program Files\MiKTeX 2.9\tex\latex\amsmath\amstext.sty"
Package: amstext 2000/06/29 v2.01 AMS text

("C:\Program Files\MiKTeX 2.9\tex\latex\amsmath\amsgen.sty"
File: amsgen.sty 1999/11/30 v2.0 generic functions
\@emptytoks=\toks17
\ex@=\dimen105
))
("C:\Program Files\MiKTeX 2.9\tex\latex\amsmath\amsbsy.sty"
Package: amsbsy 1999/11/29 v1.2d Bold Symbols
\pmbraise@=\dimen106
)
("C:\Program Files\MiKTeX 2.9\tex\latex\amsmath\amsopn.sty"
Package: amsopn 2016/03/08 v2.02 operator names
)
\inf@bad=\count89
LaTeX Info: Redefining \frac on input line 213.
\uproot@=\count90
\leftroot@=\count91
LaTeX Info: Redefining \overline on input line 375.
\classnum@=\count92
\DOTSCASE@=\count93
LaTeX Info: Redefining \ldots on input line 472.
LaTeX Info: Redefining \dots on input line 475.
LaTeX Info: Redefining \cdots on input line 596.
\Mathstrutbox@=\box28
\strutbox@=\box29
\big@size=\dimen107
LaTeX Font Info:    Redeclaring font encoding OML on input line 712.
LaTeX Font Info:    Redeclaring font encoding OMS on input line 713.
\macc@depth=\count94
\c@MaxMatrixCols=\count95
\dotsspace@=\muskip10
\c@parentequation=\count96
\dspbrk@lvl=\count97
\tag@help=\toks18
\row@=\count98
\column@=\count99
\maxfields@=\count100
\andhelp@=\toks19
\eqnshift@=\dimen108
\alignsep@=\dimen109
\tagshift@=\dimen110
\tagwidth@=\dimen111
\totwidth@=\dimen112
\lineht@=\dimen113
\@envbody=\toks20
\multlinegap=\skip44
\multlinetaggap=\skip45
\mathdisplay@stack=\toks21
LaTeX Info: Redefining \[ on input line 2817.
LaTeX Info: Redefining \] on input line 2818.
)
(C:\Users\jjhf39\AppData\Roaming\MiKTeX\2.9\tex\latex\datetime\datetime.sty
Package: datetime 2015/03/20 v2.60 Date Time Package

(C:\Users\jjhf39\AppData\Roaming\MiKTeX\2.9\tex\latex\etoolbox\etoolbox.sty
Package: etoolbox 2017/01/02 v2.4 e-TeX tools for LaTeX (JAW)
\etb@tempcnta=\count101
)
(C:\Users\jjhf39\AppData\Roaming\MiKTeX\2.9\tex\latex\fmtcount\fmtcount.sty
Package: fmtcount 2015/05/05 v3.01

("C:\Program Files\MiKTeX 2.9\tex\latex\base\ifthen.sty"
Package: ifthen 2014/09/29 v1.1c Standard LaTeX ifthen package (DPC)
)
("C:\Program Files\MiKTeX 2.9\tex\latex\xkeyval\xkeyval.sty"
Package: xkeyval 2014/12/03 v2.7a package option processing (HA)

("C:\Program Files\MiKTeX 2.9\tex\generic\xkeyval\xkeyval.tex"
("C:\Program Files\MiKTeX 2.9\tex\generic\xkeyval\xkvutils.tex"
\XKV@toks=\toks22
\XKV@tempa@toks=\toks23
)
\XKV@depth=\count102
File: xkeyval.tex 2014/12/03 v2.7a key=value parser (HA)
))
(C:\Users\jjhf39\AppData\Roaming\MiKTeX\2.9\tex\latex\fmtcount\fcprefix.sty
Package: fcprefix 2012/09/28

(C:\Users\jjhf39\AppData\Roaming\MiKTeX\2.9\tex\latex\fmtcount\fcnumparser.sty
Package: fcnumparser 2012/09/28
\fc@digit@counter=\count103
)) ("C:\Program Files\MiKTeX 2.9\tex\generic\ifxetex\ifxetex.sty"
Package: ifxetex 2010/09/12 v0.6 Provides ifxetex conditional
)
\c@padzeroesN=\count104
\fc@tmpcatcode=\count105
\@DT@modctr=\count106
\@ordinalctr=\count107
\@orgargctr=\count108
\@strctr=\count109
\@tmpstrctr=\count110
\@DT@loopN=\count111
\@DT@X=\count112

(C:\Users\jjhf39\AppData\Roaming\MiKTeX\2.9\tex\latex\fmtcount\fc-english.def
File: fc-english.def 2013/08/17
))
(C:\Users\jjhf39\AppData\Roaming\MiKTeX\2.9\tex\latex\datetime\datetime-default
s.sty
Package: datetime-defaults 2013/09/10
)
\@day=\count113
\@month=\count114
\@year=\count115
\c@HOUR=\count116
\c@HOURXII=\count117
\c@MINUTE=\count118
\c@TOHOUR=\count119
\c@TOMINUTE=\count120
\c@SECOND=\count121
\currenthour=\count122
\currentminute=\count123
\currentsecond=\count124
Package datetime Info: No datetime.cfg file found, using default settings on in
put line 308.
\@dtctr=\count125
\dayofyear=\count126
\dayofweek=\count127
LaTeX Info: Redefining \today on input line 736.
\dt@a=\toks24
\dt@b=\toks25
)
(C:\Users\jjhf39\AppData\Roaming\MiKTeX\2.9\tex\latex\titlesec\titlesec.sty
Package: titlesec 2016/03/21 v2.10.2 Sectioning titles
\ttl@box=\box30
\beforetitleunit=\skip46
\aftertitleunit=\skip47
\ttl@plus=\dimen114
\ttl@minus=\dimen115
\ttl@toksa=\toks26
\titlewidth=\dimen116
\titlewidthlast=\dimen117
\titlewidthfirst=\dimen118
)

LaTeX Warning: Unused global option(s):
    [times].

(hw4.aux)
\openout1 = `hw4.aux'.

LaTeX Font Info:    Checking defaults for OML/cmm/m/it on input line 11.
LaTeX Font Info:    ... okay on input line 11.
LaTeX Font Info:    Checking defaults for T1/cmr/m/n on input line 11.
LaTeX Font Info:    ... okay on input line 11.
LaTeX Font Info:    Checking defaults for OT1/cmr/m/n on input line 11.
LaTeX Font Info:    ... okay on input line 11.
LaTeX Font Info:    Checking defaults for OMS/cmsy/m/n on input line 11.
LaTeX Font Info:    ... okay on input line 11.
LaTeX Font Info:    Checking defaults for OMX/cmex/m/n on input line 11.
LaTeX Font Info:    ... okay on input line 11.
LaTeX Font Info:    Checking defaults for U/cmr/m/n on input line 11.
LaTeX Font Info:    ... okay on input line 11.

(C:\Users\jjhf39\AppData\Roaming\MiKTeX\2.9\tex\context\base\supp-pdf.mkii
[Loading MPS to PDF converter (version 2006.09.02).]
\scratchcounter=\count128
\scratchdimen=\dimen119
\scratchbox=\box31
\nofMPsegments=\count129
\nofMParguments=\count130
\everyMPshowfont=\toks27
\MPscratchCnt=\count131
\MPscratchDim=\dimen120
\MPnumerator=\count132
\makeMPintoPDFobject=\count133
\everyMPtoPDFconversion=\toks28
) ("C:\Program Files\MiKTeX 2.9\tex\generic\oberdiek\pdftexcmds.sty"
Package: pdftexcmds 2016/05/21 v0.22 Utility functions of pdfTeX for LuaTeX (HO
)

("C:\Program Files\MiKTeX 2.9\tex\generic\oberdiek\ifluatex.sty"
Package: ifluatex 2016/05/16 v1.4 Provides the ifluatex switch (HO)
Package ifluatex Info: LuaTeX not detected.
)
("C:\Program Files\MiKTeX 2.9\tex\generic\oberdiek\ifpdf.sty"
Package: ifpdf 2016/05/14 v3.1 Provides the ifpdf switch
)
Package pdftexcmds Info: LuaTeX not detected.
Package pdftexcmds Info: \pdf@primitive is available.
Package pdftexcmds Info: \pdf@ifprimitive is available.
Package pdftexcmds Info: \pdfdraftmode found.
)
("C:\Program Files\MiKTeX 2.9\tex\latex\oberdiek\epstopdf-base.sty"
Package: epstopdf-base 2016/05/15 v2.6 Base part for package epstopdf

("C:\Program Files\MiKTeX 2.9\tex\latex\oberdiek\grfext.sty"
Package: grfext 2016/05/16 v1.2 Manage graphics extensions (HO)

("C:\Program Files\MiKTeX 2.9\tex\generic\oberdiek\kvdefinekeys.sty"
Package: kvdefinekeys 2016/05/16 v1.4 Define keys (HO)
))
("C:\Program Files\MiKTeX 2.9\tex\latex\oberdiek\kvoptions.sty"
Package: kvoptions 2016/05/16 v3.12 Key value format for package options (HO)

("C:\Program Files\MiKTeX 2.9\tex\generic\oberdiek\kvsetkeys.sty"
Package: kvsetkeys 2016/05/16 v1.17 Key value parser (HO)

("C:\Program Files\MiKTeX 2.9\tex\generic\oberdiek\etexcmds.sty"
Package: etexcmds 2016/05/16 v1.6 Avoid name clashes with e-TeX commands (HO)
Package etexcmds Info: Could not find \expanded.
(etexcmds)             That can mean that you are not using pdfTeX 1.50 or
(etexcmds)             that some package has redefined \expanded.
(etexcmds)             In the latter case, load this package earlier.
)))
Package epstopdf-base Info: Redefining graphics rule for `.eps' on input line 4
38.
Package grfext Info: Graphics extension search list:
(grfext)             [.png,.pdf,.jpg,.mps,.jpeg,.jbig2,.jb2,.PNG,.PDF,.JPG,.JPE
G,.JBIG2,.JB2,.eps]
(grfext)             \AppendGraphicsExtensions on input line 456.
)
Missing character: There is no â in font cmr10!
Missing character: There is no ‰ in font cmr10!
Missing character: There is no ¤ in font cmr10!
Missing character: There is no â in font cmr10!
Missing character: There is no ‰ in font cmr10!
Missing character: There is no ¤ in font cmr10!
Missing character: There is no â in font cmr10!
Missing character: There is no ˆ in font cmr10!
Missing character: There is no ’ in font cmr10!
Missing character: There is no â in font cmr10!
Missing character: There is no ˆ in font cmr10!
Missing character: There is no ’ in font cmr10!
Missing character: There is no â in font cmr10!
Missing character: There is no ˆ in font cmr10!
Missing character: There is no ’ in font cmr10!
Missing character: There is no â in font cmr10!
Missing character: There is no ˆ in font cmr10!
Missing character: There is no ’ in font cmr10!
Missing character: There is no â in font cmr10!
Missing character: There is no ˆ in font cmr10!
Missing character: There is no ’ in font cmr10!

<q2/1.pdf, id=1, 708.6475pt x 440.64626pt>
File: q2/1.pdf Graphic file (type pdf)
 <use q2/1.pdf>
Package pdftex.def Info: q2/1.pdf used on input line 29.
(pdftex.def)             Requested size: 345.0pt x 214.52673pt.

<q2/2.pdf, id=2, 708.6475pt x 440.64626pt>
File: q2/2.pdf Graphic file (type pdf)
 <use q2/2.pdf>
Package pdftex.def Info: q2/2.pdf used on input line 32.
(pdftex.def)             Requested size: 345.0pt x 214.52673pt.
 [1

{C:/Users/jjhf39/AppData/Local/MiKTeX/2.9/pdftex/config/pdftex.map}]
<q2/3.pdf, id=16, 708.6475pt x 440.64626pt>
File: q2/3.pdf Graphic file (type pdf)
 <use q2/3.pdf>
Package pdftex.def Info: q2/3.pdf used on input line 35.
(pdftex.def)             Requested size: 345.0pt x 214.52673pt.

<q2/4.pdf, id=17, 708.6475pt x 440.64626pt>
File: q2/4.pdf Graphic file (type pdf)
 <use q2/4.pdf>
Package pdftex.def Info: q2/4.pdf used on input line 38.
(pdftex.def)             Requested size: 345.0pt x 214.52673pt.
 [2 <./q2/1.pdf> <./q2/2.pdf>] <q2/5.pdf, id=27, 708.6475pt x 440.64626pt>
File: q2/5.pdf Graphic file (type pdf)
 <use q2/5.pdf>
Package pdftex.def Info: q2/5.pdf used on input line 41.
(pdftex.def)             Requested size: 345.0pt x 214.52673pt.

<q2/6.pdf, id=28, 708.6475pt x 440.64626pt>
File: q2/6.pdf Graphic file (type pdf)
 <use q2/6.pdf>
Package pdftex.def Info: q2/6.pdf used on input line 44.
(pdftex.def)             Requested size: 345.0pt x 214.52673pt.
 [3 <./q2/3.pdf> <./q2/4.pdf>] <q2/7.pdf, id=38, 708.6475pt x 440.64626pt>
File: q2/7.pdf Graphic file (type pdf)
 <use q2/7.pdf>
Package pdftex.def Info: q2/7.pdf used on input line 47.
(pdftex.def)             Requested size: 345.0pt x 214.52673pt.

<q2/8.pdf, id=39, 708.6475pt x 440.64626pt>
File: q2/8.pdf Graphic file (type pdf)
 <use q2/8.pdf>
Package pdftex.def Info: q2/8.pdf used on input line 50.
(pdftex.def)             Requested size: 345.0pt x 214.52673pt.
 [4 <./q2/5.pdf> <./q2/6.pdf>] <q2/9.pdf, id=49, 708.6475pt x 440.64626pt>
File: q2/9.pdf Graphic file (type pdf)
 <use q2/9.pdf>
Package pdftex.def Info: q2/9.pdf used on input line 53.
(pdftex.def)             Requested size: 345.0pt x 214.52673pt.

<q2/10.pdf, id=50, 708.6475pt x 440.64626pt>
File: q2/10.pdf Graphic file (type pdf)
 <use q2/10.pdf>
Package pdftex.def Info: q2/10.pdf used on input line 56.
(pdftex.def)             Requested size: 345.0pt x 214.52673pt.
 [5 <./q2/7.pdf> <./q2/8.pdf>] [6 <./q2/9.pdf> <./q2/10.pdf>]
Overfull \hbox (11.10931pt too wide) in paragraph at lines 60--60
|[]\OT1/cmr/bx/n/12 Problem 3 \OT1/cmr/m/n/10 De-fine what the re-li-able end-t
o-end trans-mis-sion is. Us-ing in-duc-tion,
 []


Underfull \hbox (badness 10000) in paragraph at lines 70--73

 []

<q4/q4a.png, id=69, 555.5154pt x 281.3712pt>
File: q4/q4a.png Graphic file (type png)
 <use q4/q4a.png>
Package pdftex.def Info: q4/q4a.png used on input line 84.
(pdftex.def)             Requested size: 345.0pt x 174.74458pt.

<q4/q4b.png, id=71, 555.5154pt x 281.3712pt>
File: q4/q4b.png Graphic file (type png)
 <use q4/q4b.png>
Package pdftex.def Info: q4/q4b.png used on input line 88.
(pdftex.def)             Requested size: 345.0pt x 174.74458pt.
 [7] [8 <./q4/q4a.png> <./q4/q4b.png>]
Overfull \hbox (28.67421pt too wide) in paragraph at lines 93--93
|[]\OT1/cmr/bx/n/12 Problem 5 \OT1/cmr/m/n/10 As-sum-ing that any pro-cess can 
be the ini-tia-tor, use the Chandy-Lamport
 []


Overfull \hbox (6.0225pt too wide) in paragraph at lines 97--98
[]\OT1/cmr/m/n/10 At state one pro-cess 0 sends to-ken 1 up-dat-ing its lo-cal 
vari-able $\OML/cmm/m/it/10 TokensSent[] \OT1/cmr/m/n/10 =
 []


Overfull \hbox (6.57805pt too wide) in paragraph at lines 99--100
[]\OT1/cmr/m/n/10 At state two pro-cess 1 sends to-ken 1 up-dat-ing its lo-cal 
vari-able $\OML/cmm/m/it/10 TokensSent[] \OT1/cmr/m/n/10 =
 []


Overfull \hbox (13.2725pt too wide) in paragraph at lines 101--102
[]\OT1/cmr/m/n/10 At state three pro-cess 2 sends to-ken 1 up-dat-ing its lo-ca
l vari-able $\OML/cmm/m/it/10 TokensSent[] \OT1/cmr/m/n/10 =
 []


Overfull \hbox (21.80684pt too wide) in paragraph at lines 103--104
\OT1/cmr/m/n/10 snap-shots are: $\OML/cmm/m/it/10 Snapshot \OT1/cmr/m/n/10 : \O
ML/cmm/m/it/10 TokensSent[] \OT1/cmr/m/n/10 = [1]\OML/cmm/m/it/10 ; TokensSent[
] \OT1/cmr/m/n/10 = [0\OML/cmm/m/it/10 ; \OT1/cmr/m/n/10 1]\OML/cmm/m/it/10 ; T
okensSent[] \OT1/cmr/m/n/10 =
 []

<q5/q5a.png, id=81, 282.8166pt x 226.446pt>
File: q5/q5a.png Graphic file (type png)
 <use q5/q5a.png>
Package pdftex.def Info: q5/q5a.png used on input line 109.
(pdftex.def)             Requested size: 172.5pt x 138.11803pt.

<q5/q5b.png, id=82, 282.8166pt x 226.9278pt>
File: q5/q5b.png Graphic file (type png)
 <use q5/q5b.png>
Package pdftex.def Info: q5/q5b.png used on input line 113.
(pdftex.def)             Requested size: 172.5pt x 138.4119pt.

<q5/q5c.png, id=83, 282.3348pt x 226.9278pt>
File: q5/q5c.png Graphic file (type png)
 <use q5/q5c.png>
Package pdftex.def Info: q5/q5c.png used on input line 117.
(pdftex.def)             Requested size: 172.5pt x 138.64735pt.
 [9 <./q5/q5a.png>] <q5/q5d.png, id=88, 282.3348pt x 226.9278pt>
File: q5/q5d.png Graphic file (type png)
 <use q5/q5d.png>
Package pdftex.def Info: q5/q5d.png used on input line 121.
(pdftex.def)             Requested size: 172.5pt x 138.64735pt.
 [10 <./q5/q5b.png> <./q5/q5c.png> <./q5/q5d.png>] (hw4.aux) ) 
Here is how much of TeX's memory you used:
 3793 strings out of 493333
 51294 string characters out of 3139191
 133172 words of memory out of 3000000
 7240 multiletter control sequences out of 15000+200000
 8418 words of font info for 31 fonts, out of 3000000 for 9000
 1141 hyphenation exceptions out of 8191
 39i,6n,37p,1019b,276s stack positions out of 5000i,500n,10000p,200000b,50000s
<C:/Program Files
/MiKTeX 2.9/fonts/type1/public/amsfonts/cm/cmbx12.pfb><C:/Program Files/MiKTeX 
2.9/fonts/type1/public/amsfonts/cm/cmmi10.pfb><C:/Program Files/MiKTeX 2.9/font
s/type1/public/amsfonts/cm/cmmi7.pfb><C:/Program Files/MiKTeX 2.9/fonts/type1/p
ublic/amsfonts/cm/cmr10.pfb><C:/Program Files/MiKTeX 2.9/fonts/type1/public/ams
fonts/cm/cmr12.pfb><C:/Program Files/MiKTeX 2.9/fonts/type1/public/amsfonts/cm/
cmr17.pfb><C:/Program Files/MiKTeX 2.9/fonts/type1/public/amsfonts/cm/cmr7.pfb>
<C:/Program Files/MiKTeX 2.9/fonts/type1/public/amsfonts/cm/cmsy10.pfb><C:/Prog
ram Files/MiKTeX 2.9/fonts/type1/public/amsfonts/cm/cmsy7.pfb>
Output written on hw4.pdf (10 pages, 517407 bytes).
PDF statistics:
 124 PDF objects out of 1000 (max. 8388607)
 0 named destinations out of 1000 (max. 500000)
 81 words of extra memory for PDF output out of 10000 (max. 10000000)

